[0m10:03:23.785409 [debug] [MainThread]: Sending event: {'category': 'dbt', 'action': 'invocation', 'label': 'start', 'context': [<snowplow_tracker.self_describing_json.SelfDescribingJson object at 0x000001F4FDBBDFD0>, <snowplow_tracker.self_describing_json.SelfDescribingJson object at 0x000001F4FBD4D590>, <snowplow_tracker.self_describing_json.SelfDescribingJson object at 0x000001F4FECE3ED0>]}


============================== 10:03:23.795011 | f1983321-8587-4830-916a-f2949ab44d66 ==============================
[0m10:03:23.795011 [info ] [MainThread]: Running with dbt=1.9.3
[0m10:03:23.795959 [debug] [MainThread]: running dbt with arguments {'printer_width': '80', 'indirect_selection': 'eager', 'log_cache_events': 'False', 'write_json': 'True', 'partial_parse': 'True', 'cache_selected_only': 'False', 'warn_error': 'None', 'debug': 'False', 'version_check': 'True', 'log_path': 'D:\\learn-dbt\\learn-dbt\\learn_dbt\\logs', 'fail_fast': 'False', 'profiles_dir': 'C:\\Users\\subbu\\.dbt', 'use_colors': 'True', 'use_experimental_parser': 'False', 'no_print': 'None', 'quiet': 'False', 'empty': 'None', 'log_format': 'default', 'invocation_command': 'dbt debug --config-dir', 'warn_error_options': 'WarnErrorOptions(include=[], exclude=[])', 'introspect': 'True', 'target_path': 'None', 'static_parser': 'True', 'send_anonymous_usage_stats': 'True'}
[0m10:03:23.843357 [info ] [MainThread]: To view your profiles.yml file, run:

start C:\Users\subbu\.dbt
[0m10:03:23.844260 [debug] [MainThread]: Command `dbt debug` succeeded at 10:03:23.844105 after 0.35 seconds
[0m10:03:23.844677 [debug] [MainThread]: Sending event: {'category': 'dbt', 'action': 'invocation', 'label': 'end', 'context': [<snowplow_tracker.self_describing_json.SelfDescribingJson object at 0x000001F4FECEEC40>, <snowplow_tracker.self_describing_json.SelfDescribingJson object at 0x000001F4FEB5B9B0>, <snowplow_tracker.self_describing_json.SelfDescribingJson object at 0x000001F4FEB727A0>]}
[0m10:03:23.845063 [debug] [MainThread]: Flushing usage events
[0m10:03:24.127097 [debug] [MainThread]: An error was encountered while trying to flush usage events
[0m11:41:51.038342 [debug] [MainThread]: Sending event: {'category': 'dbt', 'action': 'invocation', 'label': 'start', 'context': [<snowplow_tracker.self_describing_json.SelfDescribingJson object at 0x000002954B991FD0>, <snowplow_tracker.self_describing_json.SelfDescribingJson object at 0x0000029549B45590>, <snowplow_tracker.self_describing_json.SelfDescribingJson object at 0x000002954CABBED0>]}


============================== 11:41:51.042884 | fa7d68f3-b603-4018-a26d-48e98f1e518f ==============================
[0m11:41:51.042884 [info ] [MainThread]: Running with dbt=1.9.3
[0m11:41:51.043680 [debug] [MainThread]: running dbt with arguments {'printer_width': '80', 'indirect_selection': 'eager', 'log_cache_events': 'False', 'write_json': 'True', 'partial_parse': 'True', 'cache_selected_only': 'False', 'profiles_dir': 'C:\\Users\\subbu\\.dbt', 'debug': 'False', 'warn_error': 'None', 'log_path': 'D:\\learn-dbt\\learn-dbt\\learn_dbt\\logs', 'fail_fast': 'False', 'version_check': 'True', 'use_colors': 'True', 'use_experimental_parser': 'False', 'no_print': 'None', 'quiet': 'False', 'empty': 'None', 'warn_error_options': 'WarnErrorOptions(include=[], exclude=[])', 'static_parser': 'True', 'invocation_command': 'dbt debug', 'introspect': 'True', 'target_path': 'None', 'log_format': 'default', 'send_anonymous_usage_stats': 'True'}
[0m11:41:51.059179 [info ] [MainThread]: dbt version: 1.9.3
[0m11:41:51.059680 [info ] [MainThread]: python version: 3.13.2
[0m11:41:51.059999 [info ] [MainThread]: python path: C:\Python313\python.exe
[0m11:41:51.060280 [info ] [MainThread]: os info: Windows-11-10.0.26100-SP0
[0m11:41:51.814239 [info ] [MainThread]: Using profiles dir at C:\Users\subbu\.dbt
[0m11:41:51.814903 [info ] [MainThread]: Using profiles.yml file at C:\Users\subbu\.dbt\profiles.yml
[0m11:41:51.815642 [info ] [MainThread]: Using dbt_project.yml file at D:\learn-dbt\learn-dbt\learn_dbt\dbt_project.yml
[0m11:41:51.816288 [info ] [MainThread]: adapter type: bigquery
[0m11:41:51.816767 [info ] [MainThread]: adapter version: 1.9.1
[0m11:41:51.881905 [info ] [MainThread]: Configuration:
[0m11:41:51.882885 [info ] [MainThread]:   profiles.yml file [[32mOK found and valid[0m]
[0m11:41:51.883781 [info ] [MainThread]:   dbt_project.yml file [[32mOK found and valid[0m]
[0m11:41:51.884620 [info ] [MainThread]: Required dependencies:
[0m11:41:51.885160 [debug] [MainThread]: Executing "git --help"
[0m11:41:51.917262 [debug] [MainThread]: STDOUT: "b"usage: git [-v | --version] [-h | --help] [-C <path>] [-c <name>=<value>]\n           [--exec-path[=<path>]] [--html-path] [--man-path] [--info-path]\n           [-p | --paginate | -P | --no-pager] [--no-replace-objects] [--no-lazy-fetch]\n           [--no-optional-locks] [--no-advice] [--bare] [--git-dir=<path>]\n           [--work-tree=<path>] [--namespace=<name>] [--config-env=<name>=<envvar>]\n           <command> [<args>]\n\nThese are common Git commands used in various situations:\n\nstart a working area (see also: git help tutorial)\n   clone      Clone a repository into a new directory\n   init       Create an empty Git repository or reinitialize an existing one\n\nwork on the current change (see also: git help everyday)\n   add        Add file contents to the index\n   mv         Move or rename a file, a directory, or a symlink\n   restore    Restore working tree files\n   rm         Remove files from the working tree and from the index\n\nexamine the history and state (see also: git help revisions)\n   bisect     Use binary search to find the commit that introduced a bug\n   diff       Show changes between commits, commit and working tree, etc\n   grep       Print lines matching a pattern\n   log        Show commit logs\n   show       Show various types of objects\n   status     Show the working tree status\n\ngrow, mark and tweak your common history\n   backfill   Download missing objects in a partial clone\n   branch     List, create, or delete branches\n   commit     Record changes to the repository\n   merge      Join two or more development histories together\n   rebase     Reapply commits on top of another base tip\n   reset      Reset current HEAD to the specified state\n   switch     Switch branches\n   tag        Create, list, delete or verify a tag object signed with GPG\n\ncollaborate (see also: git help workflows)\n   fetch      Download objects and refs from another repository\n   pull       Fetch from and integrate with another repository or a local branch\n   push       Update remote refs along with associated objects\n\n'git help -a' and 'git help -g' list available subcommands and some\nconcept guides. See 'git help <command>' or 'git help <concept>'\nto read about a specific subcommand or concept.\nSee 'git help git' for an overview of the system.\n""
[0m11:41:51.917617 [debug] [MainThread]: STDERR: "b''"
[0m11:41:51.917885 [info ] [MainThread]:  - git [[32mOK found[0m]

[0m11:41:51.918372 [info ] [MainThread]: Connection:
[0m11:41:51.919261 [info ] [MainThread]:   method: service-account
[0m11:41:51.919744 [info ] [MainThread]:   database: myfirstdeproj
[0m11:41:51.920039 [info ] [MainThread]:   execution_project: myfirstdeproj
[0m11:41:51.920409 [info ] [MainThread]:   schema: dbt_dataset
[0m11:41:51.920786 [info ] [MainThread]:   location: US
[0m11:41:51.921145 [info ] [MainThread]:   priority: interactive
[0m11:41:51.921506 [info ] [MainThread]:   maximum_bytes_billed: None
[0m11:41:51.921782 [info ] [MainThread]:   impersonate_service_account: None
[0m11:41:51.922072 [info ] [MainThread]:   job_retry_deadline_seconds: None
[0m11:41:51.922364 [info ] [MainThread]:   job_retries: 1
[0m11:41:51.922664 [info ] [MainThread]:   job_creation_timeout_seconds: None
[0m11:41:51.922954 [info ] [MainThread]:   job_execution_timeout_seconds: 300
[0m11:41:51.923234 [info ] [MainThread]:   timeout_seconds: 300
[0m11:41:51.923537 [info ] [MainThread]:   client_id: None
[0m11:41:51.923815 [info ] [MainThread]:   token_uri: None
[0m11:41:51.924146 [info ] [MainThread]:   dataproc_region: None
[0m11:41:51.924448 [info ] [MainThread]:   dataproc_cluster_name: None
[0m11:41:51.924737 [info ] [MainThread]:   gcs_bucket: None
[0m11:41:51.925026 [info ] [MainThread]:   dataproc_batch: None
[0m11:41:51.925509 [info ] [MainThread]: Registered adapter: bigquery=1.9.1
[0m11:41:52.110308 [debug] [MainThread]: Acquiring new bigquery connection 'debug'
[0m11:41:52.110618 [debug] [MainThread]: On debug: select 1 as id
[0m11:41:52.110847 [debug] [MainThread]: Opening a new connection, currently in state init
[0m11:41:52.642464 [debug] [MainThread]: BigQuery adapter: https://console.cloud.google.com/bigquery?project=myfirstdeproj&j=bq:US:ac1a2468-e287-427d-b408-a4e4674b92eb&page=queryresults
[0m11:41:52.982391 [info ] [MainThread]:   Connection test: [[32mOK connection ok[0m]

[0m11:41:52.983814 [info ] [MainThread]: [32mAll checks passed![0m
[0m11:41:52.986506 [debug] [MainThread]: Command `dbt debug` succeeded at 11:41:52.986248 after 2.12 seconds
[0m11:41:52.987100 [debug] [MainThread]: Connection 'debug' was properly closed.
[0m11:41:52.987694 [debug] [MainThread]: Sending event: {'category': 'dbt', 'action': 'invocation', 'label': 'end', 'context': [<snowplow_tracker.self_describing_json.SelfDescribingJson object at 0x000002956EEF8C30>, <snowplow_tracker.self_describing_json.SelfDescribingJson object at 0x000002956EEAF9B0>, <snowplow_tracker.self_describing_json.SelfDescribingJson object at 0x000002956ECE3CE0>]}
[0m11:41:52.988363 [debug] [MainThread]: Flushing usage events
[0m11:41:53.109952 [debug] [MainThread]: An error was encountered while trying to flush usage events
[0m11:54:14.378116 [debug] [MainThread]: Sending event: {'category': 'dbt', 'action': 'invocation', 'label': 'start', 'context': [<snowplow_tracker.self_describing_json.SelfDescribingJson object at 0x000002518E769A90>, <snowplow_tracker.self_describing_json.SelfDescribingJson object at 0x000002518C905590>, <snowplow_tracker.self_describing_json.SelfDescribingJson object at 0x000002518F88FD90>]}


============================== 11:54:14.387142 | 25f1269b-1d43-4335-ac21-95f968959d07 ==============================
[0m11:54:14.387142 [info ] [MainThread]: Running with dbt=1.9.3
[0m11:54:14.388360 [debug] [MainThread]: running dbt with arguments {'printer_width': '80', 'indirect_selection': 'eager', 'write_json': 'True', 'log_cache_events': 'False', 'partial_parse': 'True', 'cache_selected_only': 'False', 'profiles_dir': 'C:\\Users\\subbu\\.dbt', 'fail_fast': 'False', 'warn_error': 'None', 'log_path': 'D:\\learn-dbt\\learn-dbt\\learn_dbt\\logs', 'version_check': 'True', 'debug': 'False', 'use_colors': 'True', 'use_experimental_parser': 'False', 'no_print': 'None', 'quiet': 'False', 'empty': 'False', 'log_format': 'default', 'invocation_command': 'dbt compile', 'warn_error_options': 'WarnErrorOptions(include=[], exclude=[])', 'introspect': 'True', 'target_path': 'None', 'static_parser': 'True', 'send_anonymous_usage_stats': 'True'}
[0m11:54:15.316117 [debug] [MainThread]: Sending event: {'category': 'dbt', 'action': 'project_id', 'label': '25f1269b-1d43-4335-ac21-95f968959d07', 'context': [<snowplow_tracker.self_describing_json.SelfDescribingJson object at 0x00000251B1BB2FD0>]}
[0m11:54:15.354584 [debug] [MainThread]: Sending event: {'category': 'dbt', 'action': 'adapter_info', 'label': '25f1269b-1d43-4335-ac21-95f968959d07', 'context': [<snowplow_tracker.self_describing_json.SelfDescribingJson object at 0x00000251B1AD86B0>]}
[0m11:54:15.355189 [info ] [MainThread]: Registered adapter: bigquery=1.9.1
[0m11:54:15.589508 [debug] [MainThread]: checksum: 5671c00892cdbcef29c3b00cc5ba7510c3d18a35c883caeb9ab9ee266dc29c8f, vars: {}, profile: , target: , version: 1.9.3
[0m11:54:15.590360 [info ] [MainThread]: Unable to do partial parsing because saved manifest not found. Starting full parse.
[0m11:54:15.591131 [debug] [MainThread]: Sending event: {'category': 'dbt', 'action': 'partial_parser', 'label': '25f1269b-1d43-4335-ac21-95f968959d07', 'context': [<snowplow_tracker.self_describing_json.SelfDescribingJson object at 0x00000251B1ADCD50>]}
[0m11:54:18.308977 [debug] [MainThread]: Sending event: {'category': 'dbt', 'action': 'load_project', 'label': '25f1269b-1d43-4335-ac21-95f968959d07', 'context': [<snowplow_tracker.self_describing_json.SelfDescribingJson object at 0x00000251B1A7F110>]}
[0m11:54:18.364366 [debug] [MainThread]: Wrote artifact WritableManifest to D:\learn-dbt\learn-dbt\learn_dbt\target\manifest.json
[0m11:54:18.368038 [debug] [MainThread]: Wrote artifact SemanticManifest to D:\learn-dbt\learn-dbt\learn_dbt\target\semantic_manifest.json
[0m11:54:18.389023 [debug] [MainThread]: Sending event: {'category': 'dbt', 'action': 'resource_counts', 'label': '25f1269b-1d43-4335-ac21-95f968959d07', 'context': [<snowplow_tracker.self_describing_json.SelfDescribingJson object at 0x00000251B205D710>]}
[0m11:54:18.389393 [info ] [MainThread]: Found 2 models, 4 data tests, 491 macros
[0m11:54:18.389812 [debug] [MainThread]: Sending event: {'category': 'dbt', 'action': 'runnable_timing', 'label': '25f1269b-1d43-4335-ac21-95f968959d07', 'context': [<snowplow_tracker.self_describing_json.SelfDescribingJson object at 0x00000251B1EC8A10>]}
[0m11:54:18.391520 [info ] [MainThread]: 
[0m11:54:18.391985 [info ] [MainThread]: Concurrency: 1 threads (target='dev')
[0m11:54:18.392315 [info ] [MainThread]: 
[0m11:54:18.392791 [debug] [MainThread]: Acquiring new bigquery connection 'master'
[0m11:54:18.395659 [debug] [ThreadPool]: Acquiring new bigquery connection 'list_myfirstdeproj_dbt_dataset'
[0m11:54:18.396080 [debug] [ThreadPool]: Opening a new connection, currently in state init
[0m11:54:18.867656 [debug] [MainThread]: Sending event: {'category': 'dbt', 'action': 'runnable_timing', 'label': '25f1269b-1d43-4335-ac21-95f968959d07', 'context': [<snowplow_tracker.self_describing_json.SelfDescribingJson object at 0x00000251B1FA3650>]}
[0m11:54:18.868045 [debug] [MainThread]: Opening a new connection, currently in state init
[0m11:54:18.906798 [debug] [Thread-1 (]: Began running node model.learn_dbt.my_first_dbt_model
[0m11:54:18.915021 [debug] [Thread-1 (]: Acquiring new bigquery connection 'model.learn_dbt.my_first_dbt_model'
[0m11:54:18.915297 [debug] [Thread-1 (]: Began compiling node model.learn_dbt.my_first_dbt_model
[0m11:54:18.920222 [debug] [Thread-1 (]: Writing injected SQL for node "model.learn_dbt.my_first_dbt_model"
[0m11:54:18.922565 [debug] [Thread-1 (]: Began executing node model.learn_dbt.my_first_dbt_model
[0m11:54:18.923003 [debug] [Thread-1 (]: Opening a new connection, currently in state init
[0m11:54:18.954440 [debug] [Thread-1 (]: Finished running node model.learn_dbt.my_first_dbt_model
[0m11:54:18.955441 [debug] [Thread-1 (]: Began running node model.learn_dbt.my_second_dbt_model
[0m11:54:18.955869 [debug] [Thread-1 (]: Re-using an available connection from the pool (formerly model.learn_dbt.my_first_dbt_model, now model.learn_dbt.my_second_dbt_model)
[0m11:54:18.956137 [debug] [Thread-1 (]: Began compiling node model.learn_dbt.my_second_dbt_model
[0m11:54:18.958242 [debug] [Thread-1 (]: Writing injected SQL for node "model.learn_dbt.my_second_dbt_model"
[0m11:54:18.959692 [debug] [Thread-1 (]: Began executing node model.learn_dbt.my_second_dbt_model
[0m11:54:18.960013 [debug] [Thread-1 (]: Opening a new connection, currently in state closed
[0m11:54:18.992287 [debug] [Thread-1 (]: Finished running node model.learn_dbt.my_second_dbt_model
[0m11:54:18.992682 [debug] [Thread-1 (]: Began running node test.learn_dbt.not_null_my_first_dbt_model_id.5fb22c2710
[0m11:54:18.993194 [debug] [Thread-1 (]: Re-using an available connection from the pool (formerly model.learn_dbt.my_second_dbt_model, now test.learn_dbt.not_null_my_first_dbt_model_id.5fb22c2710)
[0m11:54:18.993500 [debug] [Thread-1 (]: Began compiling node test.learn_dbt.not_null_my_first_dbt_model_id.5fb22c2710
[0m11:54:19.002770 [debug] [Thread-1 (]: Writing injected SQL for node "test.learn_dbt.not_null_my_first_dbt_model_id.5fb22c2710"
[0m11:54:19.003844 [debug] [Thread-1 (]: Began executing node test.learn_dbt.not_null_my_first_dbt_model_id.5fb22c2710
[0m11:54:19.004199 [debug] [Thread-1 (]: Opening a new connection, currently in state closed
[0m11:54:19.034335 [debug] [Thread-1 (]: Finished running node test.learn_dbt.not_null_my_first_dbt_model_id.5fb22c2710
[0m11:54:19.034686 [debug] [Thread-1 (]: Began running node test.learn_dbt.unique_my_first_dbt_model_id.16e066b321
[0m11:54:19.034970 [debug] [Thread-1 (]: Re-using an available connection from the pool (formerly test.learn_dbt.not_null_my_first_dbt_model_id.5fb22c2710, now test.learn_dbt.unique_my_first_dbt_model_id.16e066b321)
[0m11:54:19.035181 [debug] [Thread-1 (]: Began compiling node test.learn_dbt.unique_my_first_dbt_model_id.16e066b321
[0m11:54:19.039096 [debug] [Thread-1 (]: Writing injected SQL for node "test.learn_dbt.unique_my_first_dbt_model_id.16e066b321"
[0m11:54:19.039884 [debug] [Thread-1 (]: Began executing node test.learn_dbt.unique_my_first_dbt_model_id.16e066b321
[0m11:54:19.040130 [debug] [Thread-1 (]: Opening a new connection, currently in state closed
[0m11:54:19.067230 [debug] [Thread-1 (]: Finished running node test.learn_dbt.unique_my_first_dbt_model_id.16e066b321
[0m11:54:19.067553 [debug] [Thread-1 (]: Began running node test.learn_dbt.not_null_my_second_dbt_model_id.151b76d778
[0m11:54:19.067814 [debug] [Thread-1 (]: Re-using an available connection from the pool (formerly test.learn_dbt.unique_my_first_dbt_model_id.16e066b321, now test.learn_dbt.not_null_my_second_dbt_model_id.151b76d778)
[0m11:54:19.068064 [debug] [Thread-1 (]: Began compiling node test.learn_dbt.not_null_my_second_dbt_model_id.151b76d778
[0m11:54:19.071278 [debug] [Thread-1 (]: Writing injected SQL for node "test.learn_dbt.not_null_my_second_dbt_model_id.151b76d778"
[0m11:54:19.072409 [debug] [Thread-1 (]: Began executing node test.learn_dbt.not_null_my_second_dbt_model_id.151b76d778
[0m11:54:19.072759 [debug] [Thread-1 (]: Opening a new connection, currently in state closed
[0m11:54:19.104593 [debug] [Thread-1 (]: Finished running node test.learn_dbt.not_null_my_second_dbt_model_id.151b76d778
[0m11:54:19.104980 [debug] [Thread-1 (]: Began running node test.learn_dbt.unique_my_second_dbt_model_id.57a0f8c493
[0m11:54:19.105426 [debug] [Thread-1 (]: Re-using an available connection from the pool (formerly test.learn_dbt.not_null_my_second_dbt_model_id.151b76d778, now test.learn_dbt.unique_my_second_dbt_model_id.57a0f8c493)
[0m11:54:19.105740 [debug] [Thread-1 (]: Began compiling node test.learn_dbt.unique_my_second_dbt_model_id.57a0f8c493
[0m11:54:19.108623 [debug] [Thread-1 (]: Writing injected SQL for node "test.learn_dbt.unique_my_second_dbt_model_id.57a0f8c493"
[0m11:54:19.109411 [debug] [Thread-1 (]: Began executing node test.learn_dbt.unique_my_second_dbt_model_id.57a0f8c493
[0m11:54:19.109724 [debug] [Thread-1 (]: Opening a new connection, currently in state closed
[0m11:54:19.137022 [debug] [Thread-1 (]: Finished running node test.learn_dbt.unique_my_second_dbt_model_id.57a0f8c493
[0m11:54:19.138346 [debug] [MainThread]: Connection 'master' was properly closed.
[0m11:54:19.138604 [debug] [MainThread]: Connection 'list_myfirstdeproj_dbt_dataset' was properly closed.
[0m11:54:19.138764 [debug] [MainThread]: Connection 'test.learn_dbt.unique_my_second_dbt_model_id.57a0f8c493' was properly closed.
[0m11:54:19.139449 [debug] [MainThread]: Command end result
[0m11:54:19.154069 [debug] [MainThread]: Wrote artifact WritableManifest to D:\learn-dbt\learn-dbt\learn_dbt\target\manifest.json
[0m11:54:19.155745 [debug] [MainThread]: Wrote artifact SemanticManifest to D:\learn-dbt\learn-dbt\learn_dbt\target\semantic_manifest.json
[0m11:54:19.160313 [debug] [MainThread]: Wrote artifact RunExecutionResult to D:\learn-dbt\learn-dbt\learn_dbt\target\run_results.json
[0m11:54:19.160944 [debug] [MainThread]: Command `dbt compile` succeeded at 11:54:19.160833 after 4.99 seconds
[0m11:54:19.161223 [debug] [MainThread]: Sending event: {'category': 'dbt', 'action': 'invocation', 'label': 'end', 'context': [<snowplow_tracker.self_describing_json.SelfDescribingJson object at 0x00000251B211D700>, <snowplow_tracker.self_describing_json.SelfDescribingJson object at 0x00000251B20E74D0>, <snowplow_tracker.self_describing_json.SelfDescribingJson object at 0x00000251B20E5D10>]}
[0m11:54:19.161530 [debug] [MainThread]: Flushing usage events
[0m11:54:19.480059 [debug] [MainThread]: An error was encountered while trying to flush usage events
[0m11:55:36.124943 [debug] [MainThread]: Sending event: {'category': 'dbt', 'action': 'invocation', 'label': 'start', 'context': [<snowplow_tracker.self_describing_json.SelfDescribingJson object at 0x000001369EC89A90>, <snowplow_tracker.self_describing_json.SelfDescribingJson object at 0x000001369CE25590>, <snowplow_tracker.self_describing_json.SelfDescribingJson object at 0x000001369FDAFD90>]}


============================== 11:55:36.128870 | f4b58da2-d3ce-4e28-8ed7-df3d6b12da5a ==============================
[0m11:55:36.128870 [info ] [MainThread]: Running with dbt=1.9.3
[0m11:55:36.129439 [debug] [MainThread]: running dbt with arguments {'printer_width': '80', 'indirect_selection': 'eager', 'write_json': 'True', 'log_cache_events': 'False', 'partial_parse': 'True', 'cache_selected_only': 'False', 'warn_error': 'None', 'debug': 'False', 'profiles_dir': 'C:\\Users\\subbu\\.dbt', 'log_path': 'D:\\learn-dbt\\learn-dbt\\learn_dbt\\logs', 'fail_fast': 'False', 'version_check': 'True', 'use_colors': 'True', 'use_experimental_parser': 'False', 'no_print': 'None', 'quiet': 'False', 'empty': 'False', 'warn_error_options': 'WarnErrorOptions(include=[], exclude=[])', 'static_parser': 'True', 'introspect': 'True', 'log_format': 'default', 'target_path': 'None', 'invocation_command': 'dbt run', 'send_anonymous_usage_stats': 'True'}
[0m11:55:37.001263 [debug] [MainThread]: Sending event: {'category': 'dbt', 'action': 'project_id', 'label': 'f4b58da2-d3ce-4e28-8ed7-df3d6b12da5a', 'context': [<snowplow_tracker.self_describing_json.SelfDescribingJson object at 0x00000136C20CEFD0>]}
[0m11:55:37.042445 [debug] [MainThread]: Sending event: {'category': 'dbt', 'action': 'adapter_info', 'label': 'f4b58da2-d3ce-4e28-8ed7-df3d6b12da5a', 'context': [<snowplow_tracker.self_describing_json.SelfDescribingJson object at 0x00000136C1FF86B0>]}
[0m11:55:37.043069 [info ] [MainThread]: Registered adapter: bigquery=1.9.1
[0m11:55:37.246519 [debug] [MainThread]: checksum: 5671c00892cdbcef29c3b00cc5ba7510c3d18a35c883caeb9ab9ee266dc29c8f, vars: {}, profile: , target: , version: 1.9.3
[0m11:55:37.354246 [debug] [MainThread]: Partial parsing enabled: 0 files deleted, 0 files added, 0 files changed.
[0m11:55:37.354546 [debug] [MainThread]: Partial parsing enabled, no changes found, skipping parsing
[0m11:55:37.377987 [debug] [MainThread]: Sending event: {'category': 'dbt', 'action': 'load_project', 'label': 'f4b58da2-d3ce-4e28-8ed7-df3d6b12da5a', 'context': [<snowplow_tracker.self_describing_json.SelfDescribingJson object at 0x00000136C1FFD750>]}
[0m11:55:37.420157 [debug] [MainThread]: Wrote artifact WritableManifest to D:\learn-dbt\learn-dbt\learn_dbt\target\manifest.json
[0m11:55:37.422726 [debug] [MainThread]: Wrote artifact SemanticManifest to D:\learn-dbt\learn-dbt\learn_dbt\target\semantic_manifest.json
[0m11:55:37.447799 [debug] [MainThread]: Sending event: {'category': 'dbt', 'action': 'resource_counts', 'label': 'f4b58da2-d3ce-4e28-8ed7-df3d6b12da5a', 'context': [<snowplow_tracker.self_describing_json.SelfDescribingJson object at 0x000001369FC249B0>]}
[0m11:55:37.448129 [info ] [MainThread]: Found 2 models, 4 data tests, 491 macros
[0m11:55:37.448900 [debug] [MainThread]: Sending event: {'category': 'dbt', 'action': 'runnable_timing', 'label': 'f4b58da2-d3ce-4e28-8ed7-df3d6b12da5a', 'context': [<snowplow_tracker.self_describing_json.SelfDescribingJson object at 0x00000136C20B9470>]}
[0m11:55:37.450183 [info ] [MainThread]: 
[0m11:55:37.450878 [info ] [MainThread]: Concurrency: 1 threads (target='dev')
[0m11:55:37.451287 [info ] [MainThread]: 
[0m11:55:37.451791 [debug] [MainThread]: Acquiring new bigquery connection 'master'
[0m11:55:37.454501 [debug] [ThreadPool]: Acquiring new bigquery connection 'list_myfirstdeproj'
[0m11:55:37.454737 [debug] [ThreadPool]: Opening a new connection, currently in state init
[0m11:55:37.810758 [debug] [ThreadPool]: Acquiring new bigquery connection 'list_myfirstdeproj_dbt_dataset'
[0m11:55:37.811469 [debug] [ThreadPool]: Opening a new connection, currently in state init
[0m11:55:38.227336 [debug] [MainThread]: Sending event: {'category': 'dbt', 'action': 'runnable_timing', 'label': 'f4b58da2-d3ce-4e28-8ed7-df3d6b12da5a', 'context': [<snowplow_tracker.self_describing_json.SelfDescribingJson object at 0x00000136C2511980>]}
[0m11:55:38.228355 [debug] [MainThread]: Opening a new connection, currently in state init
[0m11:55:38.297235 [debug] [Thread-1 (]: Began running node model.learn_dbt.my_first_dbt_model
[0m11:55:38.297688 [info ] [Thread-1 (]: 1 of 2 START sql table model dbt_dataset.my_first_dbt_model .................... [RUN]
[0m11:55:38.298671 [debug] [Thread-1 (]: Acquiring new bigquery connection 'model.learn_dbt.my_first_dbt_model'
[0m11:55:38.299395 [debug] [Thread-1 (]: Began compiling node model.learn_dbt.my_first_dbt_model
[0m11:55:38.305617 [debug] [Thread-1 (]: Writing injected SQL for node "model.learn_dbt.my_first_dbt_model"
[0m11:55:38.306456 [debug] [Thread-1 (]: Began executing node model.learn_dbt.my_first_dbt_model
[0m11:55:38.332809 [debug] [Thread-1 (]: Writing runtime sql for node "model.learn_dbt.my_first_dbt_model"
[0m11:55:38.334533 [debug] [Thread-1 (]: On model.learn_dbt.my_first_dbt_model: /* {"app": "dbt", "dbt_version": "1.9.3", "profile_name": "learn_dbt", "target_name": "dev", "node_id": "model.learn_dbt.my_first_dbt_model"} */

  
    

    create or replace table `myfirstdeproj`.`dbt_dataset`.`my_first_dbt_model`
      
    
    

    OPTIONS()
    as (
      /*
    Welcome to your first dbt model!
    Did you know that you can also configure models directly within SQL files?
    This will override configurations stated in dbt_project.yml

    Try changing "table" to "view" below
*/



with source_data as (

    select 1 as id
    union all
    select null as id

)

select *
from source_data

/*
    Uncomment the line below to remove records with null `id` values
*/

-- where id is not null
    );
  
[0m11:55:38.334869 [debug] [Thread-1 (]: Opening a new connection, currently in state init
[0m11:55:38.899603 [debug] [Thread-1 (]: BigQuery adapter: https://console.cloud.google.com/bigquery?project=myfirstdeproj&j=bq:US:1cbb08e4-91c5-4e75-bc83-db0af86ff9a4&page=queryresults
[0m11:55:41.176437 [debug] [Thread-1 (]: Sending event: {'category': 'dbt', 'action': 'run_model', 'label': 'f4b58da2-d3ce-4e28-8ed7-df3d6b12da5a', 'context': [<snowplow_tracker.self_describing_json.SelfDescribingJson object at 0x00000136C254A2D0>]}
[0m11:55:41.176957 [info ] [Thread-1 (]: 1 of 2 OK created sql table model dbt_dataset.my_first_dbt_model ............... [[32mCREATE TABLE (2.0 rows, 0 processed)[0m in 2.88s]
[0m11:55:41.177919 [debug] [Thread-1 (]: Finished running node model.learn_dbt.my_first_dbt_model
[0m11:55:41.178753 [debug] [Thread-1 (]: Began running node model.learn_dbt.my_second_dbt_model
[0m11:55:41.179071 [info ] [Thread-1 (]: 2 of 2 START sql view model dbt_dataset.my_second_dbt_model .................... [RUN]
[0m11:55:41.179521 [debug] [Thread-1 (]: Re-using an available connection from the pool (formerly model.learn_dbt.my_first_dbt_model, now model.learn_dbt.my_second_dbt_model)
[0m11:55:41.179739 [debug] [Thread-1 (]: Began compiling node model.learn_dbt.my_second_dbt_model
[0m11:55:41.181283 [debug] [Thread-1 (]: Writing injected SQL for node "model.learn_dbt.my_second_dbt_model"
[0m11:55:41.181896 [debug] [Thread-1 (]: Began executing node model.learn_dbt.my_second_dbt_model
[0m11:55:41.195554 [debug] [Thread-1 (]: Writing runtime sql for node "model.learn_dbt.my_second_dbt_model"
[0m11:55:41.197154 [debug] [Thread-1 (]: On model.learn_dbt.my_second_dbt_model: /* {"app": "dbt", "dbt_version": "1.9.3", "profile_name": "learn_dbt", "target_name": "dev", "node_id": "model.learn_dbt.my_second_dbt_model"} */


  create or replace view `myfirstdeproj`.`dbt_dataset`.`my_second_dbt_model`
  OPTIONS()
  as -- Use the `ref` function to select from other models

select *
from `myfirstdeproj`.`dbt_dataset`.`my_first_dbt_model`
where id = 1;


[0m11:55:41.197473 [debug] [Thread-1 (]: Opening a new connection, currently in state closed
[0m11:55:41.819810 [debug] [Thread-1 (]: BigQuery adapter: https://console.cloud.google.com/bigquery?project=myfirstdeproj&j=bq:US:57854ff6-8e4c-4dac-8c74-2fa7455a2e5a&page=queryresults
[0m11:55:42.229747 [debug] [Thread-1 (]: Sending event: {'category': 'dbt', 'action': 'run_model', 'label': 'f4b58da2-d3ce-4e28-8ed7-df3d6b12da5a', 'context': [<snowplow_tracker.self_describing_json.SelfDescribingJson object at 0x00000136C2C58050>]}
[0m11:55:42.230873 [info ] [Thread-1 (]: 2 of 2 OK created sql view model dbt_dataset.my_second_dbt_model ............... [[32mCREATE VIEW (0 processed)[0m in 1.05s]
[0m11:55:42.232446 [debug] [Thread-1 (]: Finished running node model.learn_dbt.my_second_dbt_model
[0m11:55:42.234200 [debug] [MainThread]: Opening a new connection, currently in state closed
[0m11:55:42.261771 [debug] [MainThread]: Connection 'master' was properly closed.
[0m11:55:42.262084 [debug] [MainThread]: Connection 'list_myfirstdeproj' was properly closed.
[0m11:55:42.262241 [debug] [MainThread]: Connection 'list_myfirstdeproj_dbt_dataset' was properly closed.
[0m11:55:42.262389 [debug] [MainThread]: Connection 'model.learn_dbt.my_second_dbt_model' was properly closed.
[0m11:55:42.262581 [info ] [MainThread]: 
[0m11:55:42.263325 [info ] [MainThread]: Finished running 1 table model, 1 view model in 0 hours 0 minutes and 4.81 seconds (4.81s).
[0m11:55:42.284170 [debug] [MainThread]: Command end result
[0m11:55:42.299407 [debug] [MainThread]: Wrote artifact WritableManifest to D:\learn-dbt\learn-dbt\learn_dbt\target\manifest.json
[0m11:55:42.301113 [debug] [MainThread]: Wrote artifact SemanticManifest to D:\learn-dbt\learn-dbt\learn_dbt\target\semantic_manifest.json
[0m11:55:42.306230 [debug] [MainThread]: Wrote artifact RunExecutionResult to D:\learn-dbt\learn-dbt\learn_dbt\target\run_results.json
[0m11:55:42.306511 [info ] [MainThread]: 
[0m11:55:42.307136 [info ] [MainThread]: [32mCompleted successfully[0m
[0m11:55:42.307694 [info ] [MainThread]: 
[0m11:55:42.308230 [info ] [MainThread]: Done. PASS=2 WARN=0 ERROR=0 SKIP=0 TOTAL=2
[0m11:55:42.308957 [debug] [MainThread]: Command `dbt run` succeeded at 11:55:42.308877 after 6.33 seconds
[0m11:55:42.309176 [debug] [MainThread]: Sending event: {'category': 'dbt', 'action': 'invocation', 'label': 'end', 'context': [<snowplow_tracker.self_describing_json.SelfDescribingJson object at 0x00000136C2B6A850>, <snowplow_tracker.self_describing_json.SelfDescribingJson object at 0x00000136C25CBA40>, <snowplow_tracker.self_describing_json.SelfDescribingJson object at 0x00000136C20D4250>]}
[0m11:55:42.309417 [debug] [MainThread]: Flushing usage events
[0m11:55:42.515145 [debug] [MainThread]: An error was encountered while trying to flush usage events
[0m12:03:03.048670 [debug] [MainThread]: Sending event: {'category': 'dbt', 'action': 'invocation', 'label': 'start', 'context': [<snowplow_tracker.self_describing_json.SelfDescribingJson object at 0x0000011EC3BF9A90>, <snowplow_tracker.self_describing_json.SelfDescribingJson object at 0x0000011EC1D95590>, <snowplow_tracker.self_describing_json.SelfDescribingJson object at 0x0000011EC4D2FD90>]}


============================== 12:03:03.052573 | 46029d5a-1f73-46fa-8e42-f933b780fc67 ==============================
[0m12:03:03.052573 [info ] [MainThread]: Running with dbt=1.9.3
[0m12:03:03.053457 [debug] [MainThread]: running dbt with arguments {'printer_width': '80', 'indirect_selection': 'eager', 'log_cache_events': 'False', 'write_json': 'True', 'partial_parse': 'True', 'cache_selected_only': 'False', 'warn_error': 'None', 'fail_fast': 'False', 'profiles_dir': 'C:\\Users\\subbu\\.dbt', 'log_path': 'D:\\learn-dbt\\learn-dbt\\learn_dbt\\logs', 'version_check': 'True', 'debug': 'False', 'use_colors': 'True', 'use_experimental_parser': 'False', 'empty': 'False', 'quiet': 'False', 'no_print': 'None', 'warn_error_options': 'WarnErrorOptions(include=[], exclude=[])', 'static_parser': 'True', 'log_format': 'default', 'invocation_command': 'dbt run --full-refresh', 'target_path': 'None', 'introspect': 'True', 'send_anonymous_usage_stats': 'True'}
[0m12:03:03.950145 [debug] [MainThread]: Sending event: {'category': 'dbt', 'action': 'project_id', 'label': '46029d5a-1f73-46fa-8e42-f933b780fc67', 'context': [<snowplow_tracker.self_describing_json.SelfDescribingJson object at 0x0000011EE703EFD0>]}
[0m12:03:03.989378 [debug] [MainThread]: Sending event: {'category': 'dbt', 'action': 'adapter_info', 'label': '46029d5a-1f73-46fa-8e42-f933b780fc67', 'context': [<snowplow_tracker.self_describing_json.SelfDescribingJson object at 0x0000011EE6F686B0>]}
[0m12:03:03.989930 [info ] [MainThread]: Registered adapter: bigquery=1.9.1
[0m12:03:04.180525 [debug] [MainThread]: checksum: 5671c00892cdbcef29c3b00cc5ba7510c3d18a35c883caeb9ab9ee266dc29c8f, vars: {}, profile: , target: , version: 1.9.3
[0m12:03:04.266150 [debug] [MainThread]: Partial parsing enabled: 0 files deleted, 0 files added, 0 files changed.
[0m12:03:04.266450 [debug] [MainThread]: Partial parsing enabled, no changes found, skipping parsing
[0m12:03:04.290717 [debug] [MainThread]: Sending event: {'category': 'dbt', 'action': 'load_project', 'label': '46029d5a-1f73-46fa-8e42-f933b780fc67', 'context': [<snowplow_tracker.self_describing_json.SelfDescribingJson object at 0x0000011EE6F6D750>]}
[0m12:03:04.334538 [debug] [MainThread]: Wrote artifact WritableManifest to D:\learn-dbt\learn-dbt\learn_dbt\target\manifest.json
[0m12:03:04.337389 [debug] [MainThread]: Wrote artifact SemanticManifest to D:\learn-dbt\learn-dbt\learn_dbt\target\semantic_manifest.json
[0m12:03:04.360530 [debug] [MainThread]: Sending event: {'category': 'dbt', 'action': 'resource_counts', 'label': '46029d5a-1f73-46fa-8e42-f933b780fc67', 'context': [<snowplow_tracker.self_describing_json.SelfDescribingJson object at 0x0000011EC4BA49B0>]}
[0m12:03:04.360926 [info ] [MainThread]: Found 2 models, 4 data tests, 491 macros
[0m12:03:04.361483 [debug] [MainThread]: Sending event: {'category': 'dbt', 'action': 'runnable_timing', 'label': '46029d5a-1f73-46fa-8e42-f933b780fc67', 'context': [<snowplow_tracker.self_describing_json.SelfDescribingJson object at 0x0000011EE701D470>]}
[0m12:03:04.362755 [info ] [MainThread]: 
[0m12:03:04.363556 [info ] [MainThread]: Concurrency: 1 threads (target='dev')
[0m12:03:04.363976 [info ] [MainThread]: 
[0m12:03:04.364547 [debug] [MainThread]: Acquiring new bigquery connection 'master'
[0m12:03:04.367716 [debug] [ThreadPool]: Acquiring new bigquery connection 'list_myfirstdeproj'
[0m12:03:04.367949 [debug] [ThreadPool]: Opening a new connection, currently in state init
[0m12:03:04.839257 [debug] [ThreadPool]: Acquiring new bigquery connection 'list_myfirstdeproj_dbt_dataset'
[0m12:03:04.839732 [debug] [ThreadPool]: Opening a new connection, currently in state init
[0m12:03:05.204668 [debug] [MainThread]: Sending event: {'category': 'dbt', 'action': 'runnable_timing', 'label': '46029d5a-1f73-46fa-8e42-f933b780fc67', 'context': [<snowplow_tracker.self_describing_json.SelfDescribingJson object at 0x0000011EE7485980>]}
[0m12:03:05.205406 [debug] [MainThread]: Opening a new connection, currently in state init
[0m12:03:05.243161 [debug] [Thread-1 (]: Began running node model.learn_dbt.my_first_dbt_model
[0m12:03:05.243579 [info ] [Thread-1 (]: 1 of 2 START sql table model dbt_dataset.my_first_dbt_model .................... [RUN]
[0m12:03:05.244371 [debug] [Thread-1 (]: Acquiring new bigquery connection 'model.learn_dbt.my_first_dbt_model'
[0m12:03:05.244625 [debug] [Thread-1 (]: Began compiling node model.learn_dbt.my_first_dbt_model
[0m12:03:05.251105 [debug] [Thread-1 (]: Writing injected SQL for node "model.learn_dbt.my_first_dbt_model"
[0m12:03:05.251893 [debug] [Thread-1 (]: Began executing node model.learn_dbt.my_first_dbt_model
[0m12:03:05.261318 [debug] [Thread-1 (]: Opening a new connection, currently in state init
[0m12:03:05.621097 [debug] [Thread-1 (]: Writing runtime sql for node "model.learn_dbt.my_first_dbt_model"
[0m12:03:05.622008 [debug] [Thread-1 (]: On model.learn_dbt.my_first_dbt_model: /* {"app": "dbt", "dbt_version": "1.9.3", "profile_name": "learn_dbt", "target_name": "dev", "node_id": "model.learn_dbt.my_first_dbt_model"} */

  
    

    create or replace table `myfirstdeproj`.`dbt_dataset`.`my_first_dbt_model`
      
    
    

    OPTIONS()
    as (
      /*
    Welcome to your first dbt model!
    Did you know that you can also configure models directly within SQL files?
    This will override configurations stated in dbt_project.yml

    Try changing "table" to "view" below
*/



with source_data as (

    select 1 as id
    union all
    select null as id

)

select *
from source_data

/*
    Uncomment the line below to remove records with null `id` values
*/

-- where id is not null
    );
  
[0m12:03:05.981690 [debug] [Thread-1 (]: BigQuery adapter: https://console.cloud.google.com/bigquery?project=myfirstdeproj&j=bq:US:ab581fa1-9fe4-48fc-b15f-b3ca39f146d0&page=queryresults
[0m12:03:08.344664 [debug] [Thread-1 (]: Sending event: {'category': 'dbt', 'action': 'run_model', 'label': '46029d5a-1f73-46fa-8e42-f933b780fc67', 'context': [<snowplow_tracker.self_describing_json.SelfDescribingJson object at 0x0000011EE74BE990>]}
[0m12:03:08.345151 [info ] [Thread-1 (]: 1 of 2 OK created sql table model dbt_dataset.my_first_dbt_model ............... [[32mCREATE TABLE (2.0 rows, 0 processed)[0m in 3.10s]
[0m12:03:08.346022 [debug] [Thread-1 (]: Finished running node model.learn_dbt.my_first_dbt_model
[0m12:03:08.346821 [debug] [Thread-1 (]: Began running node model.learn_dbt.my_second_dbt_model
[0m12:03:08.347162 [info ] [Thread-1 (]: 2 of 2 START sql view model dbt_dataset.my_second_dbt_model .................... [RUN]
[0m12:03:08.347703 [debug] [Thread-1 (]: Re-using an available connection from the pool (formerly model.learn_dbt.my_first_dbt_model, now model.learn_dbt.my_second_dbt_model)
[0m12:03:08.347920 [debug] [Thread-1 (]: Began compiling node model.learn_dbt.my_second_dbt_model
[0m12:03:08.349485 [debug] [Thread-1 (]: Writing injected SQL for node "model.learn_dbt.my_second_dbt_model"
[0m12:03:08.350073 [debug] [Thread-1 (]: Began executing node model.learn_dbt.my_second_dbt_model
[0m12:03:08.362026 [debug] [Thread-1 (]: Writing runtime sql for node "model.learn_dbt.my_second_dbt_model"
[0m12:03:08.362814 [debug] [Thread-1 (]: On model.learn_dbt.my_second_dbt_model: /* {"app": "dbt", "dbt_version": "1.9.3", "profile_name": "learn_dbt", "target_name": "dev", "node_id": "model.learn_dbt.my_second_dbt_model"} */


  create or replace view `myfirstdeproj`.`dbt_dataset`.`my_second_dbt_model`
  OPTIONS()
  as -- Use the `ref` function to select from other models

select *
from `myfirstdeproj`.`dbt_dataset`.`my_first_dbt_model`
where id = 1;


[0m12:03:08.363111 [debug] [Thread-1 (]: Opening a new connection, currently in state closed
[0m12:03:08.920588 [debug] [Thread-1 (]: BigQuery adapter: https://console.cloud.google.com/bigquery?project=myfirstdeproj&j=bq:US:252fbe17-b62c-4690-96b5-8a04f2e88ddc&page=queryresults
[0m12:03:09.314810 [debug] [Thread-1 (]: Sending event: {'category': 'dbt', 'action': 'run_model', 'label': '46029d5a-1f73-46fa-8e42-f933b780fc67', 'context': [<snowplow_tracker.self_describing_json.SelfDescribingJson object at 0x0000011EE748F800>]}
[0m12:03:09.315324 [info ] [Thread-1 (]: 2 of 2 OK created sql view model dbt_dataset.my_second_dbt_model ............... [[32mCREATE VIEW (0 processed)[0m in 0.97s]
[0m12:03:09.316003 [debug] [Thread-1 (]: Finished running node model.learn_dbt.my_second_dbt_model
[0m12:03:09.317693 [debug] [MainThread]: Opening a new connection, currently in state closed
[0m12:03:09.347816 [debug] [MainThread]: Connection 'master' was properly closed.
[0m12:03:09.348136 [debug] [MainThread]: Connection 'list_myfirstdeproj' was properly closed.
[0m12:03:09.348317 [debug] [MainThread]: Connection 'list_myfirstdeproj_dbt_dataset' was properly closed.
[0m12:03:09.348474 [debug] [MainThread]: Connection 'model.learn_dbt.my_second_dbt_model' was properly closed.
[0m12:03:09.348679 [info ] [MainThread]: 
[0m12:03:09.349454 [info ] [MainThread]: Finished running 1 table model, 1 view model in 0 hours 0 minutes and 4.98 seconds (4.98s).
[0m12:03:09.350824 [debug] [MainThread]: Command end result
[0m12:03:09.363222 [debug] [MainThread]: Wrote artifact WritableManifest to D:\learn-dbt\learn-dbt\learn_dbt\target\manifest.json
[0m12:03:09.365236 [debug] [MainThread]: Wrote artifact SemanticManifest to D:\learn-dbt\learn-dbt\learn_dbt\target\semantic_manifest.json
[0m12:03:09.369611 [debug] [MainThread]: Wrote artifact RunExecutionResult to D:\learn-dbt\learn-dbt\learn_dbt\target\run_results.json
[0m12:03:09.369905 [info ] [MainThread]: 
[0m12:03:09.370607 [info ] [MainThread]: [32mCompleted successfully[0m
[0m12:03:09.371088 [info ] [MainThread]: 
[0m12:03:09.371519 [info ] [MainThread]: Done. PASS=2 WARN=0 ERROR=0 SKIP=0 TOTAL=2
[0m12:03:09.372274 [debug] [MainThread]: Command `dbt run` succeeded at 12:03:09.372182 after 6.51 seconds
[0m12:03:09.372538 [debug] [MainThread]: Sending event: {'category': 'dbt', 'action': 'invocation', 'label': 'end', 'context': [<snowplow_tracker.self_describing_json.SelfDescribingJson object at 0x0000011EE7AD9310>, <snowplow_tracker.self_describing_json.SelfDescribingJson object at 0x0000011EE7543D10>, <snowplow_tracker.self_describing_json.SelfDescribingJson object at 0x0000011EE6F231D0>]}
[0m12:03:09.372774 [debug] [MainThread]: Flushing usage events
[0m12:03:09.668526 [debug] [MainThread]: An error was encountered while trying to flush usage events
[0m12:05:45.429842 [debug] [MainThread]: Sending event: {'category': 'dbt', 'action': 'invocation', 'label': 'start', 'context': [<snowplow_tracker.self_describing_json.SelfDescribingJson object at 0x000002318B289A90>, <snowplow_tracker.self_describing_json.SelfDescribingJson object at 0x0000023189455590>, <snowplow_tracker.self_describing_json.SelfDescribingJson object at 0x000002318C3AFD90>]}


============================== 12:05:45.433954 | 084d67d3-1e02-4bef-90ea-7087833cb425 ==============================
[0m12:05:45.433954 [info ] [MainThread]: Running with dbt=1.9.3
[0m12:05:45.434837 [debug] [MainThread]: running dbt with arguments {'printer_width': '80', 'indirect_selection': 'eager', 'write_json': 'True', 'log_cache_events': 'False', 'partial_parse': 'True', 'cache_selected_only': 'False', 'warn_error': 'None', 'version_check': 'True', 'fail_fast': 'False', 'log_path': 'D:\\learn-dbt\\learn-dbt\\learn_dbt\\logs', 'debug': 'False', 'profiles_dir': 'C:\\Users\\subbu\\.dbt', 'use_colors': 'True', 'use_experimental_parser': 'False', 'no_print': 'None', 'quiet': 'False', 'empty': 'False', 'log_format': 'default', 'invocation_command': 'dbt run --full-refresh', 'static_parser': 'True', 'introspect': 'True', 'target_path': 'None', 'warn_error_options': 'WarnErrorOptions(include=[], exclude=[])', 'send_anonymous_usage_stats': 'True'}
[0m12:05:46.339089 [debug] [MainThread]: Sending event: {'category': 'dbt', 'action': 'project_id', 'label': '084d67d3-1e02-4bef-90ea-7087833cb425', 'context': [<snowplow_tracker.self_describing_json.SelfDescribingJson object at 0x00000231AE6DEFD0>]}
[0m12:05:46.378372 [debug] [MainThread]: Sending event: {'category': 'dbt', 'action': 'adapter_info', 'label': '084d67d3-1e02-4bef-90ea-7087833cb425', 'context': [<snowplow_tracker.self_describing_json.SelfDescribingJson object at 0x00000231AE6086B0>]}
[0m12:05:46.378948 [info ] [MainThread]: Registered adapter: bigquery=1.9.1
[0m12:05:46.581768 [debug] [MainThread]: checksum: 5671c00892cdbcef29c3b00cc5ba7510c3d18a35c883caeb9ab9ee266dc29c8f, vars: {}, profile: , target: , version: 1.9.3
[0m12:05:46.671009 [debug] [MainThread]: Partial parsing enabled: 0 files deleted, 0 files added, 0 files changed.
[0m12:05:46.671308 [debug] [MainThread]: Partial parsing enabled, no changes found, skipping parsing
[0m12:05:46.695178 [debug] [MainThread]: Sending event: {'category': 'dbt', 'action': 'load_project', 'label': '084d67d3-1e02-4bef-90ea-7087833cb425', 'context': [<snowplow_tracker.self_describing_json.SelfDescribingJson object at 0x00000231AE60D750>]}
[0m12:05:46.737269 [debug] [MainThread]: Wrote artifact WritableManifest to D:\learn-dbt\learn-dbt\learn_dbt\target\manifest.json
[0m12:05:46.739854 [debug] [MainThread]: Wrote artifact SemanticManifest to D:\learn-dbt\learn-dbt\learn_dbt\target\semantic_manifest.json
[0m12:05:46.761502 [debug] [MainThread]: Sending event: {'category': 'dbt', 'action': 'resource_counts', 'label': '084d67d3-1e02-4bef-90ea-7087833cb425', 'context': [<snowplow_tracker.self_describing_json.SelfDescribingJson object at 0x000002318C2209B0>]}
[0m12:05:46.761835 [info ] [MainThread]: Found 2 models, 4 data tests, 491 macros
[0m12:05:46.762335 [debug] [MainThread]: Sending event: {'category': 'dbt', 'action': 'runnable_timing', 'label': '084d67d3-1e02-4bef-90ea-7087833cb425', 'context': [<snowplow_tracker.self_describing_json.SelfDescribingJson object at 0x00000231AE6BD470>]}
[0m12:05:46.763864 [info ] [MainThread]: 
[0m12:05:46.764243 [info ] [MainThread]: Concurrency: 1 threads (target='dev')
[0m12:05:46.764625 [info ] [MainThread]: 
[0m12:05:46.765149 [debug] [MainThread]: Acquiring new bigquery connection 'master'
[0m12:05:46.768094 [debug] [ThreadPool]: Acquiring new bigquery connection 'list_myfirstdeproj'
[0m12:05:46.768343 [debug] [ThreadPool]: Opening a new connection, currently in state init
[0m12:05:47.165003 [debug] [ThreadPool]: Acquiring new bigquery connection 'list_myfirstdeproj_dbt_dataset'
[0m12:05:47.165337 [debug] [ThreadPool]: Opening a new connection, currently in state init
[0m12:05:47.559896 [debug] [MainThread]: Sending event: {'category': 'dbt', 'action': 'runnable_timing', 'label': '084d67d3-1e02-4bef-90ea-7087833cb425', 'context': [<snowplow_tracker.self_describing_json.SelfDescribingJson object at 0x00000231AEB25980>]}
[0m12:05:47.560883 [debug] [MainThread]: Opening a new connection, currently in state init
[0m12:05:47.627150 [debug] [Thread-1 (]: Began running node model.learn_dbt.my_first_dbt_model
[0m12:05:47.627838 [info ] [Thread-1 (]: 1 of 2 START sql table model dbt_dataset.my_first_dbt_model .................... [RUN]
[0m12:05:47.628909 [debug] [Thread-1 (]: Acquiring new bigquery connection 'model.learn_dbt.my_first_dbt_model'
[0m12:05:47.629562 [debug] [Thread-1 (]: Began compiling node model.learn_dbt.my_first_dbt_model
[0m12:05:47.638088 [debug] [Thread-1 (]: Writing injected SQL for node "model.learn_dbt.my_first_dbt_model"
[0m12:05:47.638795 [debug] [Thread-1 (]: Began executing node model.learn_dbt.my_first_dbt_model
[0m12:05:47.647375 [debug] [Thread-1 (]: Opening a new connection, currently in state init
[0m12:05:48.088812 [debug] [Thread-1 (]: Writing runtime sql for node "model.learn_dbt.my_first_dbt_model"
[0m12:05:48.089602 [debug] [Thread-1 (]: On model.learn_dbt.my_first_dbt_model: /* {"app": "dbt", "dbt_version": "1.9.3", "profile_name": "learn_dbt", "target_name": "dev", "node_id": "model.learn_dbt.my_first_dbt_model"} */

  
    

    create or replace table `myfirstdeproj`.`dbt_dataset`.`my_first_dbt_model`
      
    
    

    OPTIONS()
    as (
      /*
    Welcome to your first dbt model!
    Did you know that you can also configure models directly within SQL files?
    This will override configurations stated in dbt_project.yml

    Try changing "table" to "view" below
*/



with source_data as (

    select 1 as id
    union all
    select null as id

)

select *
from source_data

/*
    Uncomment the line below to remove records with null `id` values
*/

-- where id is not null
    );
  
[0m12:05:48.461929 [debug] [Thread-1 (]: BigQuery adapter: https://console.cloud.google.com/bigquery?project=myfirstdeproj&j=bq:US:29ba0a03-2377-4499-9659-4518892687af&page=queryresults
[0m12:05:50.708428 [debug] [Thread-1 (]: Sending event: {'category': 'dbt', 'action': 'run_model', 'label': '084d67d3-1e02-4bef-90ea-7087833cb425', 'context': [<snowplow_tracker.self_describing_json.SelfDescribingJson object at 0x00000231AEB5E990>]}
[0m12:05:50.708974 [info ] [Thread-1 (]: 1 of 2 OK created sql table model dbt_dataset.my_first_dbt_model ............... [[32mCREATE TABLE (2.0 rows, 0 processed)[0m in 3.08s]
[0m12:05:50.709723 [debug] [Thread-1 (]: Finished running node model.learn_dbt.my_first_dbt_model
[0m12:05:50.710845 [debug] [Thread-1 (]: Began running node model.learn_dbt.my_second_dbt_model
[0m12:05:50.711138 [info ] [Thread-1 (]: 2 of 2 START sql view model dbt_dataset.my_second_dbt_model .................... [RUN]
[0m12:05:50.711704 [debug] [Thread-1 (]: Re-using an available connection from the pool (formerly model.learn_dbt.my_first_dbt_model, now model.learn_dbt.my_second_dbt_model)
[0m12:05:50.711914 [debug] [Thread-1 (]: Began compiling node model.learn_dbt.my_second_dbt_model
[0m12:05:50.713601 [debug] [Thread-1 (]: Writing injected SQL for node "model.learn_dbt.my_second_dbt_model"
[0m12:05:50.714236 [debug] [Thread-1 (]: Began executing node model.learn_dbt.my_second_dbt_model
[0m12:05:50.727648 [debug] [Thread-1 (]: Writing runtime sql for node "model.learn_dbt.my_second_dbt_model"
[0m12:05:50.728413 [debug] [Thread-1 (]: On model.learn_dbt.my_second_dbt_model: /* {"app": "dbt", "dbt_version": "1.9.3", "profile_name": "learn_dbt", "target_name": "dev", "node_id": "model.learn_dbt.my_second_dbt_model"} */


  create or replace view `myfirstdeproj`.`dbt_dataset`.`my_second_dbt_model`
  OPTIONS()
  as -- Use the `ref` function to select from other models

select *
from `myfirstdeproj`.`dbt_dataset`.`my_first_dbt_model`
where id = 1;


[0m12:05:50.728733 [debug] [Thread-1 (]: Opening a new connection, currently in state closed
[0m12:05:51.346396 [debug] [Thread-1 (]: BigQuery adapter: https://console.cloud.google.com/bigquery?project=myfirstdeproj&j=bq:US:a2ee2f7a-36e1-4c8c-91b8-9d63dc7158bf&page=queryresults
[0m12:05:51.805007 [debug] [Thread-1 (]: Sending event: {'category': 'dbt', 'action': 'run_model', 'label': '084d67d3-1e02-4bef-90ea-7087833cb425', 'context': [<snowplow_tracker.self_describing_json.SelfDescribingJson object at 0x00000231AEB2F800>]}
[0m12:05:51.806196 [info ] [Thread-1 (]: 2 of 2 OK created sql view model dbt_dataset.my_second_dbt_model ............... [[32mCREATE VIEW (0 processed)[0m in 1.09s]
[0m12:05:51.836806 [debug] [Thread-1 (]: Finished running node model.learn_dbt.my_second_dbt_model
[0m12:05:51.839328 [debug] [MainThread]: Opening a new connection, currently in state closed
[0m12:05:51.870634 [debug] [MainThread]: Connection 'master' was properly closed.
[0m12:05:51.870944 [debug] [MainThread]: Connection 'list_myfirstdeproj' was properly closed.
[0m12:05:51.871110 [debug] [MainThread]: Connection 'list_myfirstdeproj_dbt_dataset' was properly closed.
[0m12:05:51.871268 [debug] [MainThread]: Connection 'model.learn_dbt.my_second_dbt_model' was properly closed.
[0m12:05:51.871457 [info ] [MainThread]: 
[0m12:05:51.872459 [info ] [MainThread]: Finished running 1 table model, 1 view model in 0 hours 0 minutes and 5.11 seconds (5.11s).
[0m12:05:51.873549 [debug] [MainThread]: Command end result
[0m12:05:51.884990 [debug] [MainThread]: Wrote artifact WritableManifest to D:\learn-dbt\learn-dbt\learn_dbt\target\manifest.json
[0m12:05:51.886453 [debug] [MainThread]: Wrote artifact SemanticManifest to D:\learn-dbt\learn-dbt\learn_dbt\target\semantic_manifest.json
[0m12:05:51.892331 [debug] [MainThread]: Wrote artifact RunExecutionResult to D:\learn-dbt\learn-dbt\learn_dbt\target\run_results.json
[0m12:05:51.892602 [info ] [MainThread]: 
[0m12:05:51.893444 [info ] [MainThread]: [32mCompleted successfully[0m
[0m12:05:51.893949 [info ] [MainThread]: 
[0m12:05:51.894362 [info ] [MainThread]: Done. PASS=2 WARN=0 ERROR=0 SKIP=0 TOTAL=2
[0m12:05:51.898039 [debug] [MainThread]: Command `dbt run` succeeded at 12:05:51.897927 after 6.63 seconds
[0m12:05:51.898283 [debug] [MainThread]: Sending event: {'category': 'dbt', 'action': 'invocation', 'label': 'end', 'context': [<snowplow_tracker.self_describing_json.SelfDescribingJson object at 0x00000231AF17ADF0>, <snowplow_tracker.self_describing_json.SelfDescribingJson object at 0x00000231AEBE7D10>, <snowplow_tracker.self_describing_json.SelfDescribingJson object at 0x00000231AE6648D0>]}
[0m12:05:51.898521 [debug] [MainThread]: Flushing usage events
[0m12:05:52.151186 [debug] [MainThread]: An error was encountered while trying to flush usage events
[0m12:08:27.746879 [debug] [MainThread]: Sending event: {'category': 'dbt', 'action': 'invocation', 'label': 'start', 'context': [<snowplow_tracker.self_describing_json.SelfDescribingJson object at 0x000001E534B6DA90>, <snowplow_tracker.self_describing_json.SelfDescribingJson object at 0x000001E532D05590>, <snowplow_tracker.self_describing_json.SelfDescribingJson object at 0x000001E535C8FD90>]}


============================== 12:08:27.750344 | 94611138-adbf-462a-84b0-3ce44872bb01 ==============================
[0m12:08:27.750344 [info ] [MainThread]: Running with dbt=1.9.3
[0m12:08:27.750880 [debug] [MainThread]: running dbt with arguments {'printer_width': '80', 'indirect_selection': 'eager', 'log_cache_events': 'False', 'write_json': 'True', 'partial_parse': 'True', 'cache_selected_only': 'False', 'warn_error': 'None', 'debug': 'False', 'version_check': 'True', 'log_path': 'D:\\learn-dbt\\learn-dbt\\learn_dbt\\logs', 'profiles_dir': 'C:\\Users\\subbu\\.dbt', 'fail_fast': 'False', 'use_colors': 'True', 'use_experimental_parser': 'False', 'no_print': 'None', 'quiet': 'False', 'empty': 'False', 'warn_error_options': 'WarnErrorOptions(include=[], exclude=[])', 'invocation_command': 'dbt run --full-refresh', 'log_format': 'default', 'introspect': 'True', 'target_path': 'None', 'static_parser': 'True', 'send_anonymous_usage_stats': 'True'}
[0m12:08:28.617927 [debug] [MainThread]: Sending event: {'category': 'dbt', 'action': 'project_id', 'label': '94611138-adbf-462a-84b0-3ce44872bb01', 'context': [<snowplow_tracker.self_describing_json.SelfDescribingJson object at 0x000001E557FCEFD0>]}
[0m12:08:28.657746 [debug] [MainThread]: Sending event: {'category': 'dbt', 'action': 'adapter_info', 'label': '94611138-adbf-462a-84b0-3ce44872bb01', 'context': [<snowplow_tracker.self_describing_json.SelfDescribingJson object at 0x000001E557EF86B0>]}
[0m12:08:28.658661 [info ] [MainThread]: Registered adapter: bigquery=1.9.1
[0m12:08:28.845795 [debug] [MainThread]: checksum: 5671c00892cdbcef29c3b00cc5ba7510c3d18a35c883caeb9ab9ee266dc29c8f, vars: {}, profile: , target: , version: 1.9.3
[0m12:08:28.897159 [info ] [MainThread]: Unable to do partial parsing because a project config has changed
[0m12:08:28.898146 [debug] [MainThread]: Sending event: {'category': 'dbt', 'action': 'partial_parser', 'label': '94611138-adbf-462a-84b0-3ce44872bb01', 'context': [<snowplow_tracker.self_describing_json.SelfDescribingJson object at 0x000001E557EFD250>]}
[0m12:08:29.614065 [debug] [MainThread]: Sending event: {'category': 'dbt', 'action': 'load_project', 'label': '94611138-adbf-462a-84b0-3ce44872bb01', 'context': [<snowplow_tracker.self_describing_json.SelfDescribingJson object at 0x000001E5581B16D0>]}
[0m12:08:29.653429 [debug] [MainThread]: Wrote artifact WritableManifest to D:\learn-dbt\learn-dbt\learn_dbt\target\manifest.json
[0m12:08:29.655880 [debug] [MainThread]: Wrote artifact SemanticManifest to D:\learn-dbt\learn-dbt\learn_dbt\target\semantic_manifest.json
[0m12:08:29.681924 [debug] [MainThread]: Sending event: {'category': 'dbt', 'action': 'resource_counts', 'label': '94611138-adbf-462a-84b0-3ce44872bb01', 'context': [<snowplow_tracker.self_describing_json.SelfDescribingJson object at 0x000001E5582EB690>]}
[0m12:08:29.682361 [info ] [MainThread]: Found 2 models, 4 data tests, 491 macros
[0m12:08:29.683632 [debug] [MainThread]: Sending event: {'category': 'dbt', 'action': 'runnable_timing', 'label': '94611138-adbf-462a-84b0-3ce44872bb01', 'context': [<snowplow_tracker.self_describing_json.SelfDescribingJson object at 0x000001E558303040>]}
[0m12:08:29.685135 [info ] [MainThread]: 
[0m12:08:29.688407 [info ] [MainThread]: Concurrency: 1 threads (target='dev')
[0m12:08:29.688965 [info ] [MainThread]: 
[0m12:08:29.689395 [debug] [MainThread]: Acquiring new bigquery connection 'master'
[0m12:08:29.692676 [debug] [ThreadPool]: Acquiring new bigquery connection 'list_myfirstdeproj'
[0m12:08:29.692927 [debug] [ThreadPool]: Opening a new connection, currently in state init
[0m12:08:30.122121 [debug] [ThreadPool]: Acquiring new bigquery connection 'list_myfirstdeproj_dbt_dataset'
[0m12:08:30.122437 [debug] [ThreadPool]: Opening a new connection, currently in state init
[0m12:08:30.445029 [debug] [MainThread]: Sending event: {'category': 'dbt', 'action': 'runnable_timing', 'label': '94611138-adbf-462a-84b0-3ce44872bb01', 'context': [<snowplow_tracker.self_describing_json.SelfDescribingJson object at 0x000001E558649C10>]}
[0m12:08:30.445601 [debug] [MainThread]: Opening a new connection, currently in state init
[0m12:08:30.481536 [debug] [Thread-1 (]: Began running node model.learn_dbt.my_first_dbt_model
[0m12:08:30.481967 [info ] [Thread-1 (]: 1 of 2 START sql table model dbt_dataset.my_first_dbt_model .................... [RUN]
[0m12:08:30.482912 [debug] [Thread-1 (]: Acquiring new bigquery connection 'model.learn_dbt.my_first_dbt_model'
[0m12:08:30.483464 [debug] [Thread-1 (]: Began compiling node model.learn_dbt.my_first_dbt_model
[0m12:08:30.488174 [debug] [Thread-1 (]: Writing injected SQL for node "model.learn_dbt.my_first_dbt_model"
[0m12:08:30.488862 [debug] [Thread-1 (]: Began executing node model.learn_dbt.my_first_dbt_model
[0m12:08:30.497370 [debug] [Thread-1 (]: Opening a new connection, currently in state init
[0m12:08:30.848135 [debug] [Thread-1 (]: Writing runtime sql for node "model.learn_dbt.my_first_dbt_model"
[0m12:08:30.849199 [debug] [Thread-1 (]: On model.learn_dbt.my_first_dbt_model: /* {"app": "dbt", "dbt_version": "1.9.3", "profile_name": "learn_dbt", "target_name": "dev", "node_id": "model.learn_dbt.my_first_dbt_model"} */

  
    

    create or replace table `myfirstdeproj`.`dbt_dataset`.`my_first_dbt_model`
      
    
    

    OPTIONS()
    as (
      /*
    Welcome to your first dbt model!
    Did you know that you can also configure models directly within SQL files?
    This will override configurations stated in dbt_project.yml

    Try changing "table" to "view" below
*/



with source_data as (

    select 1 as id
    union all
    select null as id

)

select *
from source_data

/*
    Uncomment the line below to remove records with null `id` values
*/

-- where id is not null
    );
  
[0m12:08:31.185320 [debug] [Thread-1 (]: BigQuery adapter: https://console.cloud.google.com/bigquery?project=myfirstdeproj&j=bq:US:bb88147d-ecd4-4fa9-8498-63172038fc1e&page=queryresults
[0m12:08:33.680490 [debug] [Thread-1 (]: Sending event: {'category': 'dbt', 'action': 'run_model', 'label': '94611138-adbf-462a-84b0-3ce44872bb01', 'context': [<snowplow_tracker.self_describing_json.SelfDescribingJson object at 0x000001E5586C1390>]}
[0m12:08:33.681006 [info ] [Thread-1 (]: 1 of 2 OK created sql table model dbt_dataset.my_first_dbt_model ............... [[32mCREATE TABLE (2.0 rows, 0 processed)[0m in 3.20s]
[0m12:08:33.681997 [debug] [Thread-1 (]: Finished running node model.learn_dbt.my_first_dbt_model
[0m12:08:33.682840 [debug] [Thread-1 (]: Began running node model.learn_dbt.my_second_dbt_model
[0m12:08:33.683172 [info ] [Thread-1 (]: 2 of 2 START sql tables model dbt_dataset.my_second_dbt_model .................. [RUN]
[0m12:08:33.683788 [debug] [Thread-1 (]: Re-using an available connection from the pool (formerly model.learn_dbt.my_first_dbt_model, now model.learn_dbt.my_second_dbt_model)
[0m12:08:33.684002 [debug] [Thread-1 (]: Began compiling node model.learn_dbt.my_second_dbt_model
[0m12:08:33.685628 [debug] [Thread-1 (]: Writing injected SQL for node "model.learn_dbt.my_second_dbt_model"
[0m12:08:33.699196 [debug] [Thread-1 (]: Began executing node model.learn_dbt.my_second_dbt_model
[0m12:08:33.700598 [debug] [Thread-1 (]: Opening a new connection, currently in state closed
[0m12:08:33.784487 [debug] [Thread-1 (]: Compilation Error in model my_second_dbt_model (models\example\my_second_dbt_model.sql)
  No materialization 'tables' was found for adapter bigquery! (searched types 'default' and 'bigquery')
[0m12:08:33.785001 [debug] [Thread-1 (]: Sending event: {'category': 'dbt', 'action': 'run_model', 'label': '94611138-adbf-462a-84b0-3ce44872bb01', 'context': [<snowplow_tracker.self_describing_json.SelfDescribingJson object at 0x000001E558C9BD90>]}
[0m12:08:33.785510 [error] [Thread-1 (]: 2 of 2 ERROR creating sql tables model dbt_dataset.my_second_dbt_model ......... [[31mERROR[0m in 0.10s]
[0m12:08:33.786366 [debug] [Thread-1 (]: Finished running node model.learn_dbt.my_second_dbt_model
[0m12:08:33.786940 [debug] [Thread-4 (]: Marking all children of 'model.learn_dbt.my_second_dbt_model' to be skipped because of status 'error'.  Reason: Compilation Error in model my_second_dbt_model (models\example\my_second_dbt_model.sql)
  No materialization 'tables' was found for adapter bigquery! (searched types 'default' and 'bigquery').
[0m12:08:33.788618 [debug] [MainThread]: Opening a new connection, currently in state closed
[0m12:08:33.825525 [debug] [MainThread]: Connection 'master' was properly closed.
[0m12:08:33.826053 [debug] [MainThread]: Connection 'list_myfirstdeproj' was properly closed.
[0m12:08:33.826356 [debug] [MainThread]: Connection 'list_myfirstdeproj_dbt_dataset' was properly closed.
[0m12:08:33.826636 [debug] [MainThread]: Connection 'model.learn_dbt.my_second_dbt_model' was properly closed.
[0m12:08:33.827009 [info ] [MainThread]: 
[0m12:08:33.828135 [info ] [MainThread]: Finished running 1 table model, 1 tables model in 0 hours 0 minutes and 4.14 seconds (4.14s).
[0m12:08:33.829830 [debug] [MainThread]: Command end result
[0m12:08:33.845051 [debug] [MainThread]: Wrote artifact WritableManifest to D:\learn-dbt\learn-dbt\learn_dbt\target\manifest.json
[0m12:08:33.847484 [debug] [MainThread]: Wrote artifact SemanticManifest to D:\learn-dbt\learn-dbt\learn_dbt\target\semantic_manifest.json
[0m12:08:33.851496 [debug] [MainThread]: Wrote artifact RunExecutionResult to D:\learn-dbt\learn-dbt\learn_dbt\target\run_results.json
[0m12:08:33.851752 [info ] [MainThread]: 
[0m12:08:33.852411 [info ] [MainThread]: [31mCompleted with 1 error, 0 partial successes, and 0 warnings:[0m
[0m12:08:33.853189 [info ] [MainThread]: 
[0m12:08:33.853954 [error] [MainThread]:   Compilation Error in model my_second_dbt_model (models\example\my_second_dbt_model.sql)
  No materialization 'tables' was found for adapter bigquery! (searched types 'default' and 'bigquery')
[0m12:08:33.854628 [info ] [MainThread]: 
[0m12:08:33.855288 [info ] [MainThread]: Done. PASS=1 WARN=0 ERROR=1 SKIP=0 TOTAL=2
[0m12:08:33.856444 [debug] [MainThread]: Command `dbt run` failed at 12:08:33.856304 after 6.25 seconds
[0m12:08:33.856861 [debug] [MainThread]: Sending event: {'category': 'dbt', 'action': 'invocation', 'label': 'end', 'context': [<snowplow_tracker.self_describing_json.SelfDescribingJson object at 0x000001E5584AF450>, <snowplow_tracker.self_describing_json.SelfDescribingJson object at 0x000001E558293B50>, <snowplow_tracker.self_describing_json.SelfDescribingJson object at 0x000001E535CA6580>]}
[0m12:08:33.857236 [debug] [MainThread]: Flushing usage events
[0m12:08:34.075431 [debug] [MainThread]: An error was encountered while trying to flush usage events
[0m12:13:54.243169 [debug] [MainThread]: Sending event: {'category': 'dbt', 'action': 'invocation', 'label': 'start', 'context': [<snowplow_tracker.self_describing_json.SelfDescribingJson object at 0x000001B442E61FD0>, <snowplow_tracker.self_describing_json.SelfDescribingJson object at 0x000001B441015590>, <snowplow_tracker.self_describing_json.SelfDescribingJson object at 0x000001B443FAFED0>]}


============================== 12:13:54.252407 | d147635a-b8ce-4565-bda1-7498c6bc504a ==============================
[0m12:13:54.252407 [info ] [MainThread]: Running with dbt=1.9.3
[0m12:13:54.253516 [debug] [MainThread]: running dbt with arguments {'printer_width': '80', 'indirect_selection': 'eager', 'log_cache_events': 'False', 'write_json': 'True', 'partial_parse': 'True', 'cache_selected_only': 'False', 'profiles_dir': 'C:\\Users\\subbu\\.dbt', 'version_check': 'True', 'fail_fast': 'False', 'log_path': 'D:\\learn-dbt\\learn-dbt\\learn_dbt\\logs', 'debug': 'False', 'warn_error': 'None', 'use_colors': 'True', 'use_experimental_parser': 'False', 'no_print': 'None', 'quiet': 'False', 'empty': 'False', 'warn_error_options': 'WarnErrorOptions(include=[], exclude=[])', 'invocation_command': 'dbt run --full-refresh', 'static_parser': 'True', 'introspect': 'True', 'target_path': 'None', 'log_format': 'default', 'send_anonymous_usage_stats': 'True'}
[0m12:13:55.118832 [debug] [MainThread]: Sending event: {'category': 'dbt', 'action': 'project_id', 'label': 'd147635a-b8ce-4565-bda1-7498c6bc504a', 'context': [<snowplow_tracker.self_describing_json.SelfDescribingJson object at 0x000001B4662CEFD0>]}
[0m12:13:55.159024 [debug] [MainThread]: Sending event: {'category': 'dbt', 'action': 'adapter_info', 'label': 'd147635a-b8ce-4565-bda1-7498c6bc504a', 'context': [<snowplow_tracker.self_describing_json.SelfDescribingJson object at 0x000001B4661F86B0>]}
[0m12:13:55.159649 [info ] [MainThread]: Registered adapter: bigquery=1.9.1
[0m12:13:55.354017 [debug] [MainThread]: checksum: 5671c00892cdbcef29c3b00cc5ba7510c3d18a35c883caeb9ab9ee266dc29c8f, vars: {}, profile: , target: , version: 1.9.3
[0m12:13:55.477397 [debug] [MainThread]: Partial parsing enabled: 0 files deleted, 0 files added, 1 files changed.
[0m12:13:55.478045 [debug] [MainThread]: Partial parsing: updated file: learn_dbt://models\example\my_second_dbt_model.sql
[0m12:13:55.749033 [debug] [MainThread]: Sending event: {'category': 'dbt', 'action': 'load_project', 'label': 'd147635a-b8ce-4565-bda1-7498c6bc504a', 'context': [<snowplow_tracker.self_describing_json.SelfDescribingJson object at 0x000001B4667F4F50>]}
[0m12:13:55.792366 [debug] [MainThread]: Wrote artifact WritableManifest to D:\learn-dbt\learn-dbt\learn_dbt\target\manifest.json
[0m12:13:55.795850 [debug] [MainThread]: Wrote artifact SemanticManifest to D:\learn-dbt\learn-dbt\learn_dbt\target\semantic_manifest.json
[0m12:13:55.825444 [debug] [MainThread]: Sending event: {'category': 'dbt', 'action': 'resource_counts', 'label': 'd147635a-b8ce-4565-bda1-7498c6bc504a', 'context': [<snowplow_tracker.self_describing_json.SelfDescribingJson object at 0x000001B443E14D70>]}
[0m12:13:55.825871 [info ] [MainThread]: Found 2 models, 4 data tests, 491 macros
[0m12:13:55.826564 [debug] [MainThread]: Sending event: {'category': 'dbt', 'action': 'runnable_timing', 'label': 'd147635a-b8ce-4565-bda1-7498c6bc504a', 'context': [<snowplow_tracker.self_describing_json.SelfDescribingJson object at 0x000001B4662AF930>]}
[0m12:13:55.828207 [info ] [MainThread]: 
[0m12:13:55.828735 [info ] [MainThread]: Concurrency: 1 threads (target='dev')
[0m12:13:55.829198 [info ] [MainThread]: 
[0m12:13:55.829779 [debug] [MainThread]: Acquiring new bigquery connection 'master'
[0m12:13:55.833231 [debug] [ThreadPool]: Acquiring new bigquery connection 'list_myfirstdeproj'
[0m12:13:55.833523 [debug] [ThreadPool]: Opening a new connection, currently in state init
[0m12:13:56.251358 [debug] [ThreadPool]: Acquiring new bigquery connection 'list_myfirstdeproj_dbt_dataset'
[0m12:13:56.251877 [debug] [ThreadPool]: Opening a new connection, currently in state init
[0m12:13:56.536680 [debug] [MainThread]: Sending event: {'category': 'dbt', 'action': 'runnable_timing', 'label': 'd147635a-b8ce-4565-bda1-7498c6bc504a', 'context': [<snowplow_tracker.self_describing_json.SelfDescribingJson object at 0x000001B46696A4E0>]}
[0m12:13:56.537081 [debug] [MainThread]: Opening a new connection, currently in state init
[0m12:13:56.579677 [debug] [Thread-1 (]: Began running node model.learn_dbt.my_first_dbt_model
[0m12:13:56.580274 [info ] [Thread-1 (]: 1 of 2 START sql table model dbt_dataset.my_first_dbt_model .................... [RUN]
[0m12:13:56.581644 [debug] [Thread-1 (]: Acquiring new bigquery connection 'model.learn_dbt.my_first_dbt_model'
[0m12:13:56.582237 [debug] [Thread-1 (]: Began compiling node model.learn_dbt.my_first_dbt_model
[0m12:13:56.590042 [debug] [Thread-1 (]: Writing injected SQL for node "model.learn_dbt.my_first_dbt_model"
[0m12:13:56.590849 [debug] [Thread-1 (]: Began executing node model.learn_dbt.my_first_dbt_model
[0m12:13:56.599668 [debug] [Thread-1 (]: Opening a new connection, currently in state init
[0m12:13:56.953038 [debug] [Thread-1 (]: Writing runtime sql for node "model.learn_dbt.my_first_dbt_model"
[0m12:13:56.953827 [debug] [Thread-1 (]: On model.learn_dbt.my_first_dbt_model: /* {"app": "dbt", "dbt_version": "1.9.3", "profile_name": "learn_dbt", "target_name": "dev", "node_id": "model.learn_dbt.my_first_dbt_model"} */

  
    

    create or replace table `myfirstdeproj`.`dbt_dataset`.`my_first_dbt_model`
      
    
    

    OPTIONS()
    as (
      /*
    Welcome to your first dbt model!
    Did you know that you can also configure models directly within SQL files?
    This will override configurations stated in dbt_project.yml

    Try changing "table" to "view" below
*/



with source_data as (

    select 1 as id
    union all
    select null as id

)

select *
from source_data

/*
    Uncomment the line below to remove records with null `id` values
*/

-- where id is not null
    );
  
[0m12:13:57.369853 [debug] [Thread-1 (]: BigQuery adapter: https://console.cloud.google.com/bigquery?project=myfirstdeproj&j=bq:US:5ab6b979-e62c-49e4-9b37-333473ac6c0e&page=queryresults
[0m12:13:59.624111 [debug] [Thread-1 (]: Sending event: {'category': 'dbt', 'action': 'run_model', 'label': 'd147635a-b8ce-4565-bda1-7498c6bc504a', 'context': [<snowplow_tracker.self_describing_json.SelfDescribingJson object at 0x000001B466945FD0>]}
[0m12:13:59.624625 [info ] [Thread-1 (]: 1 of 2 OK created sql table model dbt_dataset.my_first_dbt_model ............... [[32mCREATE TABLE (2.0 rows, 0 processed)[0m in 3.04s]
[0m12:13:59.628168 [debug] [Thread-1 (]: Finished running node model.learn_dbt.my_first_dbt_model
[0m12:13:59.629246 [debug] [Thread-1 (]: Began running node model.learn_dbt.my_second_dbt_model
[0m12:13:59.629890 [info ] [Thread-1 (]: 2 of 2 START sql table model dbt_dataset.my_second_dbt_model ................... [RUN]
[0m12:13:59.630640 [debug] [Thread-1 (]: Re-using an available connection from the pool (formerly model.learn_dbt.my_first_dbt_model, now model.learn_dbt.my_second_dbt_model)
[0m12:13:59.630883 [debug] [Thread-1 (]: Began compiling node model.learn_dbt.my_second_dbt_model
[0m12:13:59.632636 [debug] [Thread-1 (]: Writing injected SQL for node "model.learn_dbt.my_second_dbt_model"
[0m12:13:59.633242 [debug] [Thread-1 (]: Began executing node model.learn_dbt.my_second_dbt_model
[0m12:13:59.634643 [debug] [Thread-1 (]: Opening a new connection, currently in state closed
[0m12:14:00.238387 [debug] [Thread-1 (]: Writing runtime sql for node "model.learn_dbt.my_second_dbt_model"
[0m12:14:00.240269 [debug] [Thread-1 (]: On model.learn_dbt.my_second_dbt_model: /* {"app": "dbt", "dbt_version": "1.9.3", "profile_name": "learn_dbt", "target_name": "dev", "node_id": "model.learn_dbt.my_second_dbt_model"} */

  
    

    create or replace table `myfirstdeproj`.`dbt_dataset`.`my_second_dbt_model`
      
    
    

    OPTIONS()
    as (
      -- Use the `ref` function to select from other models

select *
from `myfirstdeproj`.`dbt_dataset`.`my_first_dbt_model`
where id = 1
    );
  
[0m12:14:00.706487 [debug] [Thread-1 (]: BigQuery adapter: https://console.cloud.google.com/bigquery?project=myfirstdeproj&j=bq:US:3322b8d7-5db7-4153-be0d-20df2b0eeaf8&page=queryresults
[0m12:14:02.590199 [debug] [Thread-1 (]: Sending event: {'category': 'dbt', 'action': 'run_model', 'label': 'd147635a-b8ce-4565-bda1-7498c6bc504a', 'context': [<snowplow_tracker.self_describing_json.SelfDescribingJson object at 0x000001B4669A5910>]}
[0m12:14:02.591371 [info ] [Thread-1 (]: 2 of 2 OK created sql table model dbt_dataset.my_second_dbt_model .............. [[32mCREATE TABLE (1.0 rows, 8.0 Bytes processed)[0m in 2.96s]
[0m12:14:02.593146 [debug] [Thread-1 (]: Finished running node model.learn_dbt.my_second_dbt_model
[0m12:14:02.594831 [debug] [MainThread]: Opening a new connection, currently in state closed
[0m12:14:02.622628 [debug] [MainThread]: Connection 'master' was properly closed.
[0m12:14:02.622937 [debug] [MainThread]: Connection 'list_myfirstdeproj' was properly closed.
[0m12:14:02.623102 [debug] [MainThread]: Connection 'list_myfirstdeproj_dbt_dataset' was properly closed.
[0m12:14:02.623238 [debug] [MainThread]: Connection 'model.learn_dbt.my_second_dbt_model' was properly closed.
[0m12:14:02.623462 [info ] [MainThread]: 
[0m12:14:02.639826 [info ] [MainThread]: Finished running 2 table models in 0 hours 0 minutes and 6.79 seconds (6.79s).
[0m12:14:02.642232 [debug] [MainThread]: Command end result
[0m12:14:02.664524 [debug] [MainThread]: Wrote artifact WritableManifest to D:\learn-dbt\learn-dbt\learn_dbt\target\manifest.json
[0m12:14:02.667898 [debug] [MainThread]: Wrote artifact SemanticManifest to D:\learn-dbt\learn-dbt\learn_dbt\target\semantic_manifest.json
[0m12:14:02.674910 [debug] [MainThread]: Wrote artifact RunExecutionResult to D:\learn-dbt\learn-dbt\learn_dbt\target\run_results.json
[0m12:14:02.675388 [info ] [MainThread]: 
[0m12:14:02.676239 [info ] [MainThread]: [32mCompleted successfully[0m
[0m12:14:02.677005 [info ] [MainThread]: 
[0m12:14:02.678459 [info ] [MainThread]: Done. PASS=2 WARN=0 ERROR=0 SKIP=0 TOTAL=2
[0m12:14:02.680693 [debug] [MainThread]: Command `dbt run` succeeded at 12:14:02.680433 after 8.63 seconds
[0m12:14:02.681298 [debug] [MainThread]: Sending event: {'category': 'dbt', 'action': 'invocation', 'label': 'end', 'context': [<snowplow_tracker.self_describing_json.SelfDescribingJson object at 0x000001B4412DE2B0>, <snowplow_tracker.self_describing_json.SelfDescribingJson object at 0x000001B4669B7800>, <snowplow_tracker.self_describing_json.SelfDescribingJson object at 0x000001B4662D49D0>]}
[0m12:14:02.681842 [debug] [MainThread]: Flushing usage events
[0m12:14:02.921608 [debug] [MainThread]: An error was encountered while trying to flush usage events
